<?xml version="1.0" encoding="UTF-8"?>
<testng-results ignored="0" total="2" passed="2" failed="0" skipped="0">
  <reporter-output>
  </reporter-output>
  <suite started-at="2023-02-21T10:42:34 EST" name="Suite" finished-at="2023-02-21T10:42:49 EST" duration-ms="14386">
    <groups>
    </groups>
    <test started-at="2023-02-21T10:42:34 EST" name="productOrderTestSuite" finished-at="2023-02-21T10:42:49 EST" duration-ms="14386">
      <class name="Selenium.sauceDemo.OrderProductTest">
        <test-method signature="product_Order()[pri:0, instance:Selenium.sauceDemo.OrderProductTest@cc43f62]" started-at="2023-02-21T10:42:34 EST" name="product_Order" finished-at="2023-02-21T10:42:38 EST" duration-ms="3758" status="PASS">
          <reporter-output>
          </reporter-output>
        </test-method> <!-- product_Order -->
      </class> <!-- Selenium.sauceDemo.OrderProductTest -->
      <class name="Selenium.sauceDemo.SendEmail">
        <test-method signature="email()[pri:0, instance:Selenium.sauceDemo.SendEmail@5b218417]" started-at="2023-02-21T10:42:38 EST" name="email" finished-at="2023-02-21T10:42:49 EST" duration-ms="10424" status="PASS">
          <reporter-output>
          </reporter-output>
        </test-method> <!-- email -->
      </class> <!-- Selenium.sauceDemo.SendEmail -->
      <class name="Selenium.sauceDemo.BrowserTest">
        <test-method is-config="true" signature="setup()[pri:0, instance:Selenium.sauceDemo.BrowserTest@1349883]" started-at="2023-02-21T10:42:28 EST" name="setup" finished-at="2023-02-21T10:42:34 EST" duration-ms="6651" status="PASS">
          <reporter-output>
          </reporter-output>
        </test-method> <!-- setup -->
        <test-method is-config="true" signature="tearDown()[pri:0, instance:Selenium.sauceDemo.BrowserTest@1349883]" started-at="2023-02-21T10:42:49 EST" name="tearDown" finished-at="2023-02-21T10:42:50 EST" duration-ms="855" status="PASS">
          <reporter-output>
          </reporter-output>
        </test-method> <!-- tearDown -->
      </class> <!-- Selenium.sauceDemo.BrowserTest -->
    </test> <!-- productOrderTestSuite -->
  </suite> <!-- Suite -->
</testng-results>
